java -ea -Xmx200m -cp /grid/siepel/home_norepl/scheben/elzapp/miniconda3/envs/cas/opt/bbmap-38.18/current/ jgi.ReformatReads in=MMUS1469_tissue1_BC10v0_MG_120419_simsmall.fa out=MMUS1469_tissue2_BC10v0_MG_120419_simsmall.fa samplerate=0.5
Executing jgi.ReformatReads [in=MMUS1469_tissue1_BC10v0_MG_120419_simsmall.fa, out=MMUS1469_tissue2_BC10v0_MG_120419_simsmall.fa, samplerate=0.5]

Input is being processed as unpaired
Input:                  	21 reads          	5504 bases
Processed:              	10 reads          	2618 bases
Output:                 	10 reads (47.62%) 	2618 bases (47.57%)

Time:                         	0.062 seconds.
Reads Processed:          10 	0.16k reads/sec
Bases Processed:        2618 	0.04m bases/sec
java -ea -Xmx200m -cp /grid/siepel/home_norepl/scheben/elzapp/miniconda3/envs/cas/opt/bbmap-38.18/current/ jgi.ReformatReads in=MMUS1469_tissue1_BC10v0_MG_120419_simsmall.fa out=MMUS1469_tissue3_BC10v0_MG_120419_simsmall.fa samplerate=0.1
Executing jgi.ReformatReads [in=MMUS1469_tissue1_BC10v0_MG_120419_simsmall.fa, out=MMUS1469_tissue3_BC10v0_MG_120419_simsmall.fa, samplerate=0.1]

Input is being processed as unpaired
Input:                  	21 reads          	5504 bases
Processed:              	3 reads          	787 bases
Output:                 	3 reads (14.29%) 	787 bases (14.30%)

Time:                         	0.058 seconds.
Reads Processed:           3 	0.05k reads/sec
Bases Processed:         787 	0.01m bases/sec

    ====================ART====================
             ART_Illumina (2008-2016)          
          Q Version 2.5.8 (June 6, 2016)       
     Contact: Weichun Huang <whduke@gmail.com> 
    -------------------------------------------

Warning: your simulation will not output any ALN or SAM file with your parameter settings!
             Amplicon paired-end sequencing simulation

Total CPU time used: 10.8579

The random seed for the run: 1675942701

Parameters used during run
	Read Length:	150
	Genome masking 'N' cutoff frequency: 	1 in 150
	# Read Pairs per Amplion:  1000
	Profile Type:             Combined
	ID Tag:                   

Quality Profile(s)
	First Read:   HiSeq 2500 Length 150 R1 (built-in profile) 
	First Read:   HiSeq 2500 Length 150 R2 (built-in profile) 

Output files

  FASTQ Sequence Files:
	 the 1st reads: MMUS1469_tissue1_BC10v0_MG_120419_simsmall_R1.fq
	 the 2nd reads: MMUS1469_tissue1_BC10v0_MG_120419_simsmall_R2.fq


    ====================ART====================
             ART_Illumina (2008-2016)          
          Q Version 2.5.8 (June 6, 2016)       
     Contact: Weichun Huang <whduke@gmail.com> 
    -------------------------------------------

Warning: your simulation will not output any ALN or SAM file with your parameter settings!
             Amplicon paired-end sequencing simulation

Total CPU time used: 10.8928

The random seed for the run: 1675942702

Parameters used during run
	Read Length:	150
	Genome masking 'N' cutoff frequency: 	1 in 150
	# Read Pairs per Amplion:  2000
	Profile Type:             Combined
	ID Tag:                   

Quality Profile(s)
	First Read:   HiSeq 2500 Length 150 R1 (built-in profile) 
	First Read:   HiSeq 2500 Length 150 R2 (built-in profile) 

Output files

  FASTQ Sequence Files:
	 the 1st reads: MMUS1469_tissue2_BC10v0_MG_120419_simsmall_R1.fq
	 the 2nd reads: MMUS1469_tissue2_BC10v0_MG_120419_simsmall_R2.fq


    ====================ART====================
             ART_Illumina (2008-2016)          
          Q Version 2.5.8 (June 6, 2016)       
     Contact: Weichun Huang <whduke@gmail.com> 
    -------------------------------------------

Warning: your simulation will not output any ALN or SAM file with your parameter settings!
             Amplicon paired-end sequencing simulation

Total CPU time used: 9.85855

The random seed for the run: 1675942703

Parameters used during run
	Read Length:	150
	Genome masking 'N' cutoff frequency: 	1 in 150
	# Read Pairs per Amplion:  500
	Profile Type:             Combined
	ID Tag:                   

Quality Profile(s)
	First Read:   HiSeq 2500 Length 150 R1 (built-in profile) 
	First Read:   HiSeq 2500 Length 150 R2 (built-in profile) 

Output files

  FASTQ Sequence Files:
	 the 1st reads: MMUS1469_tissue3_BC10v0_MG_120419_simsmall_R1.fq
	 the 2nd reads: MMUS1469_tissue3_BC10v0_MG_120419_simsmall_R2.fq

