java -ea -Xmx200m -cp /grid/siepel/home_norepl/scheben/elzapp/miniconda3/envs/cas/opt/bbmap-38.18/current/ jgi.ReformatReads in=MMUS1469_tissue1_BC10v0_MG_120419_simmid.fa out=MMUS1469_tissue2_BC10v0_MG_120419_simmid.fa samplerate=0.5
Executing jgi.ReformatReads [in=MMUS1469_tissue1_BC10v0_MG_120419_simmid.fa, out=MMUS1469_tissue2_BC10v0_MG_120419_simmid.fa, samplerate=0.5]

Input is being processed as unpaired
Input:                  	51 reads          	13407 bases
Processed:              	28 reads          	7347 bases
Output:                 	28 reads (54.90%) 	7347 bases (54.80%)

Time:                         	0.060 seconds.
Reads Processed:          28 	0.47k reads/sec
Bases Processed:        7347 	0.12m bases/sec
java -ea -Xmx200m -cp /grid/siepel/home_norepl/scheben/elzapp/miniconda3/envs/cas/opt/bbmap-38.18/current/ jgi.ReformatReads in=MMUS1469_tissue1_BC10v0_MG_120419_simmid.fa out=MMUS1469_tissue3_BC10v0_MG_120419_simmid.fa samplerate=0.1
Executing jgi.ReformatReads [in=MMUS1469_tissue1_BC10v0_MG_120419_simmid.fa, out=MMUS1469_tissue3_BC10v0_MG_120419_simmid.fa, samplerate=0.1]

Input is being processed as unpaired
Input:                  	51 reads          	13407 bases
Processed:              	6 reads          	1576 bases
Output:                 	6 reads (11.76%) 	1576 bases (11.76%)

Time:                         	0.061 seconds.
Reads Processed:           6 	0.10k reads/sec
Bases Processed:        1576 	0.03m bases/sec

    ====================ART====================
             ART_Illumina (2008-2016)          
          Q Version 2.5.8 (June 6, 2016)       
     Contact: Weichun Huang <whduke@gmail.com> 
    -------------------------------------------

Warning: your simulation will not output any ALN or SAM file with your parameter settings!
             Amplicon paired-end sequencing simulation

Total CPU time used: 12.2131

The random seed for the run: 1675942778

Parameters used during run
	Read Length:	150
	Genome masking 'N' cutoff frequency: 	1 in 150
	# Read Pairs per Amplion:  1000
	Profile Type:             Combined
	ID Tag:                   

Quality Profile(s)
	First Read:   HiSeq 2500 Length 150 R1 (built-in profile) 
	First Read:   HiSeq 2500 Length 150 R2 (built-in profile) 

Output files

  FASTQ Sequence Files:
	 the 1st reads: MMUS1469_tissue1_BC10v0_MG_120419_simmid_R1.fq
	 the 2nd reads: MMUS1469_tissue1_BC10v0_MG_120419_simmid_R2.fq


    ====================ART====================
             ART_Illumina (2008-2016)          
          Q Version 2.5.8 (June 6, 2016)       
     Contact: Weichun Huang <whduke@gmail.com> 
    -------------------------------------------

Warning: your simulation will not output any ALN or SAM file with your parameter settings!
             Amplicon paired-end sequencing simulation

Total CPU time used: 12.9587

The random seed for the run: 1675942780

Parameters used during run
	Read Length:	150
	Genome masking 'N' cutoff frequency: 	1 in 150
	# Read Pairs per Amplion:  2000
	Profile Type:             Combined
	ID Tag:                   

Quality Profile(s)
	First Read:   HiSeq 2500 Length 150 R1 (built-in profile) 
	First Read:   HiSeq 2500 Length 150 R2 (built-in profile) 

Output files

  FASTQ Sequence Files:
	 the 1st reads: MMUS1469_tissue2_BC10v0_MG_120419_simmid_R1.fq
	 the 2nd reads: MMUS1469_tissue2_BC10v0_MG_120419_simmid_R2.fq


    ====================ART====================
             ART_Illumina (2008-2016)          
          Q Version 2.5.8 (June 6, 2016)       
     Contact: Weichun Huang <whduke@gmail.com> 
    -------------------------------------------

Warning: your simulation will not output any ALN or SAM file with your parameter settings!
             Amplicon paired-end sequencing simulation

Total CPU time used: 10.1116

The random seed for the run: 1675942787

Parameters used during run
	Read Length:	150
	Genome masking 'N' cutoff frequency: 	1 in 150
	# Read Pairs per Amplion:  500
	Profile Type:             Combined
	ID Tag:                   

Quality Profile(s)
	First Read:   HiSeq 2500 Length 150 R1 (built-in profile) 
	First Read:   HiSeq 2500 Length 150 R2 (built-in profile) 

Output files

  FASTQ Sequence Files:
	 the 1st reads: MMUS1469_tissue3_BC10v0_MG_120419_simmid_R1.fq
	 the 2nd reads: MMUS1469_tissue3_BC10v0_MG_120419_simmid_R2.fq

